<?xml version="1.0" encoding="UTF-8"?>
<coverage generated="1584979695995" clover="3.2.0">
  <project timestamp="1584979695996" name="All files">
    <metrics statements="53" coveredstatements="37" conditionals="36" coveredconditionals="25" methods="27" coveredmethods="20" elements="116" coveredelements="82" complexity="0" loc="53" ncloc="53" packages="3" files="9" classes="9"/>
    <package name="src">
      <metrics statements="1" coveredstatements="0" conditionals="0" coveredconditionals="0" methods="0" coveredmethods="0"/>
      <file name="index.js" path="/home/masterd/lighthouse/lighthouse/bootcamp/breakout lecture/lectures/w8d1/demo/react-albums/src/index.js">
        <metrics statements="1" coveredstatements="0" conditionals="0" coveredconditionals="0" methods="0" coveredmethods="0"/>
        <line num="9" count="0" type="stmt"/>
      </file>
    </package>
    <package name="src.components">
      <metrics statements="49" coveredstatements="34" conditionals="36" coveredconditionals="25" methods="24" coveredmethods="17"/>
      <file name="Album.js" path="/home/masterd/lighthouse/lighthouse/bootcamp/breakout lecture/lectures/w8d1/demo/react-albums/src/components/Album.js">
        <metrics statements="2" coveredstatements="2" conditionals="0" coveredconditionals="0" methods="1" coveredmethods="1"/>
        <line num="6" count="1" type="stmt"/>
        <line num="10" count="1" type="stmt"/>
      </file>
      <file name="Error.js" path="/home/masterd/lighthouse/lighthouse/bootcamp/breakout lecture/lectures/w8d1/demo/react-albums/src/components/Error.js">
        <metrics statements="2" coveredstatements="1" conditionals="2" coveredconditionals="1" methods="1" coveredmethods="1"/>
        <line num="4" count="5" type="cond" truecount="1" falsecount="1"/>
        <line num="6" count="0" type="stmt"/>
      </file>
      <file name="Filters.js" path="/home/masterd/lighthouse/lighthouse/bootcamp/breakout lecture/lectures/w8d1/demo/react-albums/src/components/Filters.js">
        <metrics statements="4" coveredstatements="3" conditionals="1" coveredconditionals="0" methods="3" coveredmethods="2"/>
        <line num="9" count="5" type="stmt"/>
        <line num="10" count="25" type="stmt"/>
        <line num="17" count="0" type="stmt"/>
        <line num="25" count="5" type="stmt"/>
      </file>
      <file name="LiveSearch.js" path="/home/masterd/lighthouse/lighthouse/bootcamp/breakout lecture/lectures/w8d1/demo/react-albums/src/components/LiveSearch.js">
        <metrics statements="19" coveredstatements="13" conditionals="4" coveredconditionals="4" methods="11" coveredmethods="6"/>
        <line num="13" count="5" type="stmt"/>
        <line num="19" count="5" type="stmt"/>
        <line num="27" count="5" type="stmt"/>
        <line num="29" count="5" type="stmt"/>
        <line num="32" count="0" type="stmt"/>
        <line num="38" count="0" type="stmt"/>
        <line num="41" count="5" type="stmt"/>
        <line num="42" count="3" type="cond" truecount="4" falsecount="0"/>
        <line num="44" count="1" type="stmt"/>
        <line num="49" count="1" type="stmt"/>
        <line num="51" count="1" type="stmt"/>
        <line num="56" count="1" type="stmt"/>
        <line num="57" count="0" type="stmt"/>
        <line num="63" count="1" type="stmt"/>
        <line num="70" count="0" type="stmt"/>
        <line num="73" count="5" type="stmt"/>
        <line num="81" count="1" type="stmt"/>
        <line num="83" count="0" type="stmt"/>
        <line num="89" count="0" type="stmt"/>
      </file>
      <file name="Loading.js" path="/home/masterd/lighthouse/lighthouse/bootcamp/breakout lecture/lectures/w8d1/demo/react-albums/src/components/Loading.js">
        <metrics statements="1" coveredstatements="1" conditionals="2" coveredconditionals="2" methods="1" coveredmethods="1"/>
        <line num="4" count="6" type="stmt"/>
      </file>
      <file name="Results.js" path="/home/masterd/lighthouse/lighthouse/bootcamp/breakout lecture/lectures/w8d1/demo/react-albums/src/components/Results.js">
        <metrics statements="16" coveredstatements="10" conditionals="27" coveredconditionals="18" methods="3" coveredmethods="3"/>
        <line num="7" count="5" type="stmt"/>
        <line num="9" count="5" type="stmt"/>
        <line num="11" count="1" type="cond" truecount="1" falsecount="1"/>
        <line num="15" count="0" type="stmt"/>
        <line num="18" count="1" type="cond" truecount="1" falsecount="1"/>
        <line num="22" count="0" type="stmt"/>
        <line num="25" count="1" type="cond" truecount="1" falsecount="1"/>
        <line num="29" count="0" type="stmt"/>
        <line num="32" count="1" type="cond" truecount="1" falsecount="1"/>
        <line num="36" count="0" type="stmt"/>
        <line num="39" count="1" type="cond" truecount="1" falsecount="1"/>
        <line num="44" count="0" type="stmt"/>
        <line num="47" count="1" type="cond" truecount="3" falsecount="1"/>
        <line num="48" count="0" type="stmt"/>
        <line num="51" count="1" type="stmt"/>
        <line num="54" count="1" type="stmt"/>
      </file>
      <file name="SearchBar.js" path="/home/masterd/lighthouse/lighthouse/bootcamp/breakout lecture/lectures/w8d1/demo/react-albums/src/components/SearchBar.js">
        <metrics statements="5" coveredstatements="4" conditionals="0" coveredconditionals="0" methods="4" coveredmethods="3"/>
        <line num="8" count="6" type="stmt"/>
        <line num="10" count="6" type="stmt"/>
        <line num="12" count="6" type="stmt"/>
        <line num="14" count="0" type="stmt"/>
        <line num="22" count="1" type="stmt"/>
      </file>
    </package>
    <package name="src.hooks">
      <metrics statements="3" coveredstatements="3" conditionals="0" coveredconditionals="0" methods="3" coveredmethods="3"/>
      <file name="useDebounce.js" path="/home/masterd/lighthouse/lighthouse/bootcamp/breakout lecture/lectures/w8d1/demo/react-albums/src/hooks/useDebounce.js">
        <metrics statements="3" coveredstatements="3" conditionals="0" coveredconditionals="0" methods="3" coveredmethods="3"/>
        <line num="4" count="6" type="stmt"/>
        <line num="5" count="6" type="stmt"/>
        <line num="6" count="6" type="stmt"/>
      </file>
    </package>
  </project>
</coverage>
