{"/home/masterd/lighthouse/lighthouse/bootcamp/breakout lecture/lectures/w8d1/demo/react-albums/src/index.js": {"path":"/home/masterd/lighthouse/lighthouse/bootcamp/breakout lecture/lectures/w8d1/demo/react-albums/src/index.js","statementMap":{"0":{"start":{"line":9,"column":0},"end":{"line":9,"column":65}}},"fnMap":{},"branchMap":{},"s":{"0":0},"f":{},"b":{},"hash":"d2528a5ecd508a736e22c450cf698f920bc7318b"}
,"/home/masterd/lighthouse/lighthouse/bootcamp/breakout lecture/lectures/w8d1/demo/react-albums/src/components/Album.js": {"path":"/home/masterd/lighthouse/lighthouse/bootcamp/breakout lecture/lectures/w8d1/demo/react-albums/src/components/Album.js","statementMap":{"0":{"start":{"line":6,"column":25},"end":{"line":8,"column":4}},"1":{"start":{"line":10,"column":2},"end":{"line":18,"column":4}}},"fnMap":{"0":{"name":"Album","decl":{"start":{"line":5,"column":24},"end":{"line":5,"column":29}},"loc":{"start":{"line":5,"column":37},"end":{"line":19,"column":1}},"line":5}},"branchMap":{},"s":{"0":1,"1":1},"f":{"0":1},"b":{},"_coverageSchema":"43e27e138ebf9cfc5966b082cf9a028302ed4184","hash":"0fa38eadb0791af9f3c7ab7a262f8f4743416b22"}
,"/home/masterd/lighthouse/lighthouse/bootcamp/breakout lecture/lectures/w8d1/demo/react-albums/src/components/Error.js": {"path":"/home/masterd/lighthouse/lighthouse/bootcamp/breakout lecture/lectures/w8d1/demo/react-albums/src/components/Error.js","statementMap":{"0":{"start":{"line":4,"column":2},"end":{"line":4,"column":40}},"1":{"start":{"line":4,"column":28},"end":{"line":4,"column":40}},"2":{"start":{"line":6,"column":2},"end":{"line":11,"column":4}}},"fnMap":{"0":{"name":"Error","decl":{"start":{"line":3,"column":24},"end":{"line":3,"column":29}},"loc":{"start":{"line":3,"column":37},"end":{"line":12,"column":1}},"line":3}},"branchMap":{"0":{"loc":{"start":{"line":4,"column":2},"end":{"line":4,"column":40}},"type":"if","locations":[{"start":{"line":4,"column":2},"end":{"line":4,"column":40}},{"start":{"line":4,"column":2},"end":{"line":4,"column":40}}],"line":4}},"s":{"0":5,"1":5,"2":0},"f":{"0":5},"b":{"0":[5,0]},"_coverageSchema":"43e27e138ebf9cfc5966b082cf9a028302ed4184","hash":"5271cb308df6fba0f11e3bf4aee2a17484ca1dff"}
,"/home/masterd/lighthouse/lighthouse/bootcamp/breakout lecture/lectures/w8d1/demo/react-albums/src/components/Filters.js": {"path":"/home/masterd/lighthouse/lighthouse/bootcamp/breakout lecture/lectures/w8d1/demo/react-albums/src/components/Filters.js","statementMap":{"0":{"start":{"line":9,"column":22},"end":{"line":23,"column":4}},"1":{"start":{"line":10,"column":4},"end":{"line":22,"column":10}},"2":{"start":{"line":17,"column":27},"end":{"line":17,"column":66}},"3":{"start":{"line":25,"column":2},"end":{"line":31,"column":4}}},"fnMap":{"0":{"name":"Filters","decl":{"start":{"line":3,"column":24},"end":{"line":3,"column":31}},"loc":{"start":{"line":3,"column":61},"end":{"line":32,"column":1}},"line":3},"1":{"name":"(anonymous_1)","decl":{"start":{"line":9,"column":47},"end":{"line":9,"column":48}},"loc":{"start":{"line":10,"column":4},"end":{"line":22,"column":10}},"line":10},"2":{"name":"(anonymous_2)","decl":{"start":{"line":17,"column":18},"end":{"line":17,"column":19}},"loc":{"start":{"line":17,"column":27},"end":{"line":17,"column":66}},"line":17}},"branchMap":{"0":{"loc":{"start":{"line":3,"column":34},"end":{"line":3,"column":46}},"type":"default-arg","locations":[{"start":{"line":3,"column":44},"end":{"line":3,"column":46}}],"line":3}},"s":{"0":5,"1":25,"2":0,"3":5},"f":{"0":5,"1":25,"2":0},"b":{"0":[0]},"_coverageSchema":"43e27e138ebf9cfc5966b082cf9a028302ed4184","hash":"c5378396872169d4c1cc211fccdbf1949d87fd24"}
,"/home/masterd/lighthouse/lighthouse/bootcamp/breakout lecture/lectures/w8d1/demo/react-albums/src/components/LiveSearch.js": {"path":"/home/masterd/lighthouse/lighthouse/bootcamp/breakout lecture/lectures/w8d1/demo/react-albums/src/components/LiveSearch.js","statementMap":{"0":{"start":{"line":13,"column":30},"end":{"line":17,"column":4}},"1":{"start":{"line":19,"column":32},"end":{"line":25,"column":4}},"2":{"start":{"line":27,"column":28},"end":{"line":27,"column":43}},"3":{"start":{"line":29,"column":15},"end":{"line":29,"column":25}},"4":{"start":{"line":32,"column":4},"end":{"line":36,"column":7}},"5":{"start":{"line":38,"column":4},"end":{"line":38,"column":19}},"6":{"start":{"line":41,"column":2},"end":{"line":72,"column":20}},"7":{"start":{"line":42,"column":4},"end":{"line":42,"column":58}},"8":{"start":{"line":42,"column":51},"end":{"line":42,"column":58}},"9":{"start":{"line":44,"column":4},"end":{"line":47,"column":8}},"10":{"start":{"line":44,"column":23},"end":{"line":47,"column":5}},"11":{"start":{"line":49,"column":4},"end":{"line":49,"column":31}},"12":{"start":{"line":51,"column":4},"end":{"line":71,"column":9}},"13":{"start":{"line":56,"column":8},"end":{"line":61,"column":11}},"14":{"start":{"line":57,"column":10},"end":{"line":60,"column":12}},"15":{"start":{"line":63,"column":8},"end":{"line":67,"column":12}},"16":{"start":{"line":63,"column":29},"end":{"line":67,"column":9}},"17":{"start":{"line":70,"column":8},"end":{"line":70,"column":20}},"18":{"start":{"line":73,"column":2},"end":{"line":95,"column":4}},"19":{"start":{"line":81,"column":28},"end":{"line":81,"column":58}},"20":{"start":{"line":83,"column":46},"end":{"line":83,"column":61}},"21":{"start":{"line":89,"column":12},"end":{"line":89,"column":55}}},"fnMap":{"0":{"name":"LiveSearch","decl":{"start":{"line":12,"column":24},"end":{"line":12,"column":34}},"loc":{"start":{"line":12,"column":42},"end":{"line":96,"column":1}},"line":12},"1":{"name":"showError","decl":{"start":{"line":31,"column":11},"end":{"line":31,"column":20}},"loc":{"start":{"line":31,"column":23},"end":{"line":39,"column":3}},"line":31},"2":{"name":"(anonymous_2)","decl":{"start":{"line":41,"column":12},"end":{"line":41,"column":13}},"loc":{"start":{"line":41,"column":18},"end":{"line":72,"column":3}},"line":41},"3":{"name":"(anonymous_3)","decl":{"start":{"line":44,"column":14},"end":{"line":44,"column":15}},"loc":{"start":{"line":44,"column":23},"end":{"line":47,"column":5}},"line":44},"4":{"name":"(anonymous_4)","decl":{"start":{"line":55,"column":12},"end":{"line":55,"column":13}},"loc":{"start":{"line":55,"column":24},"end":{"line":68,"column":7}},"line":55},"5":{"name":"(anonymous_5)","decl":{"start":{"line":56,"column":35},"end":{"line":56,"column":36}},"loc":{"start":{"line":56,"column":45},"end":{"line":61,"column":9}},"line":56},"6":{"name":"(anonymous_6)","decl":{"start":{"line":63,"column":18},"end":{"line":63,"column":19}},"loc":{"start":{"line":63,"column":29},"end":{"line":67,"column":9}},"line":63},"7":{"name":"(anonymous_7)","decl":{"start":{"line":69,"column":13},"end":{"line":69,"column":14}},"loc":{"start":{"line":69,"column":22},"end":{"line":71,"column":7}},"line":69},"8":{"name":"(anonymous_8)","decl":{"start":{"line":81,"column":20},"end":{"line":81,"column":21}},"loc":{"start":{"line":81,"column":28},"end":{"line":81,"column":58}},"line":81},"9":{"name":"(anonymous_9)","decl":{"start":{"line":83,"column":37},"end":{"line":83,"column":38}},"loc":{"start":{"line":83,"column":46},"end":{"line":83,"column":61}},"line":83},"10":{"name":"(anonymous_10)","decl":{"start":{"line":88,"column":21},"end":{"line":88,"column":22}},"loc":{"start":{"line":89,"column":12},"end":{"line":89,"column":55}},"line":89}},"branchMap":{"0":{"loc":{"start":{"line":42,"column":4},"end":{"line":42,"column":58}},"type":"if","locations":[{"start":{"line":42,"column":4},"end":{"line":42,"column":58}},{"start":{"line":42,"column":4},"end":{"line":42,"column":58}}],"line":42},"1":{"loc":{"start":{"line":42,"column":8},"end":{"line":42,"column":49}},"type":"binary-expr","locations":[{"start":{"line":42,"column":8},"end":{"line":42,"column":27}},{"start":{"line":42,"column":31},"end":{"line":42,"column":49}}],"line":42}},"s":{"0":5,"1":5,"2":5,"3":5,"4":0,"5":0,"6":5,"7":3,"8":2,"9":1,"10":1,"11":1,"12":1,"13":1,"14":0,"15":1,"16":1,"17":0,"18":5,"19":1,"20":0,"21":0},"f":{"0":5,"1":0,"2":3,"3":1,"4":1,"5":0,"6":1,"7":0,"8":1,"9":0,"10":0},"b":{"0":[2,1],"1":[3,3]},"_coverageSchema":"43e27e138ebf9cfc5966b082cf9a028302ed4184","hash":"a69dde624669a572646d958ba89f85989af49305"}
,"/home/masterd/lighthouse/lighthouse/bootcamp/breakout lecture/lectures/w8d1/demo/react-albums/src/components/Loading.js": {"path":"/home/masterd/lighthouse/lighthouse/bootcamp/breakout lecture/lectures/w8d1/demo/react-albums/src/components/Loading.js","statementMap":{"0":{"start":{"line":4,"column":2},"end":{"line":14,"column":4}}},"fnMap":{"0":{"name":"Loading","decl":{"start":{"line":3,"column":24},"end":{"line":3,"column":31}},"loc":{"start":{"line":3,"column":39},"end":{"line":15,"column":1}},"line":3}},"branchMap":{"0":{"loc":{"start":{"line":6,"column":7},"end":{"line":12,"column":7}},"type":"binary-expr","locations":[{"start":{"line":6,"column":7},"end":{"line":6,"column":17}},{"start":{"line":7,"column":8},"end":{"line":11,"column":10}}],"line":6}},"s":{"0":6},"f":{"0":6},"b":{"0":[6,1]},"_coverageSchema":"43e27e138ebf9cfc5966b082cf9a028302ed4184","hash":"bde9d6643d642fa4ca1f138fd8fd8a0e45615fda"}
,"/home/masterd/lighthouse/lighthouse/bootcamp/breakout lecture/lectures/w8d1/demo/react-albums/src/components/Results.js": {"path":"/home/masterd/lighthouse/lighthouse/bootcamp/breakout lecture/lectures/w8d1/demo/react-albums/src/components/Results.js","statementMap":{"0":{"start":{"line":7,"column":31},"end":{"line":7,"column":36}},"1":{"start":{"line":9,"column":2},"end":{"line":55,"column":7}},"2":{"start":{"line":11,"column":6},"end":{"line":16,"column":7}},"3":{"start":{"line":15,"column":8},"end":{"line":15,"column":21}},"4":{"start":{"line":18,"column":6},"end":{"line":23,"column":7}},"5":{"start":{"line":22,"column":8},"end":{"line":22,"column":21}},"6":{"start":{"line":25,"column":6},"end":{"line":30,"column":7}},"7":{"start":{"line":29,"column":8},"end":{"line":29,"column":21}},"8":{"start":{"line":32,"column":6},"end":{"line":37,"column":7}},"9":{"start":{"line":36,"column":8},"end":{"line":36,"column":21}},"10":{"start":{"line":39,"column":6},"end":{"line":45,"column":7}},"11":{"start":{"line":44,"column":8},"end":{"line":44,"column":21}},"12":{"start":{"line":47,"column":6},"end":{"line":49,"column":7}},"13":{"start":{"line":48,"column":8},"end":{"line":48,"column":21}},"14":{"start":{"line":51,"column":6},"end":{"line":51,"column":18}},"15":{"start":{"line":54,"column":6},"end":{"line":54,"column":59}}},"fnMap":{"0":{"name":"Results","decl":{"start":{"line":6,"column":24},"end":{"line":6,"column":31}},"loc":{"start":{"line":6,"column":39},"end":{"line":56,"column":1}},"line":6},"1":{"name":"(anonymous_1)","decl":{"start":{"line":10,"column":12},"end":{"line":10,"column":13}},"loc":{"start":{"line":10,"column":21},"end":{"line":52,"column":5}},"line":10},"2":{"name":"(anonymous_2)","decl":{"start":{"line":53,"column":9},"end":{"line":53,"column":10}},"loc":{"start":{"line":53,"column":18},"end":{"line":55,"column":5}},"line":53}},"branchMap":{"0":{"loc":{"start":{"line":11,"column":6},"end":{"line":16,"column":7}},"type":"if","locations":[{"start":{"line":11,"column":6},"end":{"line":16,"column":7}},{"start":{"line":11,"column":6},"end":{"line":16,"column":7}}],"line":11},"1":{"loc":{"start":{"line":12,"column":8},"end":{"line":13,"column":51}},"type":"binary-expr","locations":[{"start":{"line":12,"column":8},"end":{"line":12,"column":34}},{"start":{"line":13,"column":8},"end":{"line":13,"column":51}}],"line":12},"2":{"loc":{"start":{"line":18,"column":6},"end":{"line":23,"column":7}},"type":"if","locations":[{"start":{"line":18,"column":6},"end":{"line":23,"column":7}},{"start":{"line":18,"column":6},"end":{"line":23,"column":7}}],"line":18},"3":{"loc":{"start":{"line":19,"column":8},"end":{"line":20,"column":51}},"type":"binary-expr","locations":[{"start":{"line":19,"column":8},"end":{"line":19,"column":34}},{"start":{"line":20,"column":8},"end":{"line":20,"column":51}}],"line":19},"4":{"loc":{"start":{"line":25,"column":6},"end":{"line":30,"column":7}},"type":"if","locations":[{"start":{"line":25,"column":6},"end":{"line":30,"column":7}},{"start":{"line":25,"column":6},"end":{"line":30,"column":7}}],"line":25},"5":{"loc":{"start":{"line":26,"column":8},"end":{"line":27,"column":52}},"type":"binary-expr","locations":[{"start":{"line":26,"column":8},"end":{"line":26,"column":34}},{"start":{"line":27,"column":8},"end":{"line":27,"column":52}}],"line":26},"6":{"loc":{"start":{"line":32,"column":6},"end":{"line":37,"column":7}},"type":"if","locations":[{"start":{"line":32,"column":6},"end":{"line":37,"column":7}},{"start":{"line":32,"column":6},"end":{"line":37,"column":7}}],"line":32},"7":{"loc":{"start":{"line":33,"column":8},"end":{"line":34,"column":77}},"type":"binary-expr","locations":[{"start":{"line":33,"column":8},"end":{"line":33,"column":32}},{"start":{"line":34,"column":9},"end":{"line":34,"column":31}},{"start":{"line":34,"column":35},"end":{"line":34,"column":76}}],"line":33},"8":{"loc":{"start":{"line":39,"column":6},"end":{"line":45,"column":7}},"type":"if","locations":[{"start":{"line":39,"column":6},"end":{"line":45,"column":7}},{"start":{"line":39,"column":6},"end":{"line":45,"column":7}}],"line":39},"9":{"loc":{"start":{"line":40,"column":8},"end":{"line":42,"column":48}},"type":"binary-expr","locations":[{"start":{"line":40,"column":8},"end":{"line":40,"column":28}},{"start":{"line":41,"column":10},"end":{"line":41,"column":31}},{"start":{"line":41,"column":35},"end":{"line":41,"column":56}},{"start":{"line":42,"column":10},"end":{"line":42,"column":47}}],"line":40},"10":{"loc":{"start":{"line":47,"column":6},"end":{"line":49,"column":7}},"type":"if","locations":[{"start":{"line":47,"column":6},"end":{"line":49,"column":7}},{"start":{"line":47,"column":6},"end":{"line":49,"column":7}}],"line":47},"11":{"loc":{"start":{"line":47,"column":10},"end":{"line":47,"column":76}},"type":"binary-expr","locations":[{"start":{"line":47,"column":10},"end":{"line":47,"column":43}},{"start":{"line":47,"column":47},"end":{"line":47,"column":76}}],"line":47}},"s":{"0":5,"1":5,"2":1,"3":0,"4":1,"5":0,"6":1,"7":0,"8":1,"9":0,"10":1,"11":0,"12":1,"13":0,"14":1,"15":1},"f":{"0":5,"1":1,"2":1},"b":{"0":[0,1],"1":[1,0],"2":[0,1],"3":[1,0],"4":[0,1],"5":[1,0],"6":[0,1],"7":[1,1,1],"8":[0,1],"9":[1,1,1,1],"10":[0,1],"11":[1,1]},"_coverageSchema":"43e27e138ebf9cfc5966b082cf9a028302ed4184","hash":"fe35743547a2ddede1c4a9756e3fdea770a57273"}
,"/home/masterd/lighthouse/lighthouse/bootcamp/breakout lecture/lectures/w8d1/demo/react-albums/src/components/SearchBar.js": {"path":"/home/masterd/lighthouse/lighthouse/bootcamp/breakout lecture/lectures/w8d1/demo/react-albums/src/components/SearchBar.js","statementMap":{"0":{"start":{"line":8,"column":28},"end":{"line":8,"column":40}},"1":{"start":{"line":10,"column":2},"end":{"line":10,"column":48}},"2":{"start":{"line":10,"column":20},"end":{"line":10,"column":41}},"3":{"start":{"line":12,"column":2},"end":{"line":27,"column":4}},"4":{"start":{"line":14,"column":56},"end":{"line":14,"column":78}},"5":{"start":{"line":22,"column":29},"end":{"line":22,"column":57}}},"fnMap":{"0":{"name":"SearchBar","decl":{"start":{"line":7,"column":24},"end":{"line":7,"column":33}},"loc":{"start":{"line":7,"column":41},"end":{"line":28,"column":1}},"line":7},"1":{"name":"(anonymous_1)","decl":{"start":{"line":10,"column":14},"end":{"line":10,"column":15}},"loc":{"start":{"line":10,"column":20},"end":{"line":10,"column":41}},"line":10},"2":{"name":"(anonymous_2)","decl":{"start":{"line":14,"column":47},"end":{"line":14,"column":48}},"loc":{"start":{"line":14,"column":56},"end":{"line":14,"column":78}},"line":14},"3":{"name":"(anonymous_3)","decl":{"start":{"line":22,"column":20},"end":{"line":22,"column":21}},"loc":{"start":{"line":22,"column":29},"end":{"line":22,"column":57}},"line":22}},"branchMap":{},"s":{"0":6,"1":6,"2":1,"3":6,"4":0,"5":1},"f":{"0":6,"1":1,"2":0,"3":1},"b":{},"_coverageSchema":"43e27e138ebf9cfc5966b082cf9a028302ed4184","hash":"a99595d70b884ea656ead2c4a3e3e0e96f03108b"}
,"/home/masterd/lighthouse/lighthouse/bootcamp/breakout lecture/lectures/w8d1/demo/react-albums/src/hooks/useDebounce.js": {"path":"/home/masterd/lighthouse/lighthouse/bootcamp/breakout lecture/lectures/w8d1/demo/react-albums/src/hooks/useDebounce.js","statementMap":{"0":{"start":{"line":4,"column":2},"end":{"line":7,"column":22}},"1":{"start":{"line":5,"column":19},"end":{"line":5,"column":44}},"2":{"start":{"line":6,"column":4},"end":{"line":6,"column":38}},"3":{"start":{"line":6,"column":17},"end":{"line":6,"column":37}}},"fnMap":{"0":{"name":"useDebounce","decl":{"start":{"line":3,"column":24},"end":{"line":3,"column":35}},"loc":{"start":{"line":3,"column":51},"end":{"line":8,"column":1}},"line":3},"1":{"name":"(anonymous_1)","decl":{"start":{"line":4,"column":12},"end":{"line":4,"column":13}},"loc":{"start":{"line":4,"column":18},"end":{"line":7,"column":3}},"line":4},"2":{"name":"(anonymous_2)","decl":{"start":{"line":6,"column":11},"end":{"line":6,"column":12}},"loc":{"start":{"line":6,"column":17},"end":{"line":6,"column":37}},"line":6}},"branchMap":{},"s":{"0":6,"1":6,"2":6,"3":6},"f":{"0":6,"1":6,"2":6},"b":{},"_coverageSchema":"43e27e138ebf9cfc5966b082cf9a028302ed4184","hash":"18824b7db0fe5d80c6af2fc3eb75f8895666ebba"}
}
