TN:
SF:/home/masterd/lighthouse/lighthouse/bootcamp/breakout lecture/lectures/w8d1/demo/react-albums/src/index.js
FNF:0
FNH:0
DA:9,0
LF:1
LH:0
BRF:0
BRH:0
end_of_record
TN:
SF:/home/masterd/lighthouse/lighthouse/bootcamp/breakout lecture/lectures/w8d1/demo/react-albums/src/components/Album.js
FN:5,Album
FNF:1
FNH:1
FNDA:1,Album
DA:6,1
DA:10,1
LF:2
LH:2
BRF:0
BRH:0
end_of_record
TN:
SF:/home/masterd/lighthouse/lighthouse/bootcamp/breakout lecture/lectures/w8d1/demo/react-albums/src/components/Error.js
FN:3,Error
FNF:1
FNH:1
FNDA:5,Error
DA:4,5
DA:6,0
LF:2
LH:1
BRDA:4,0,0,5
BRDA:4,0,1,0
BRF:2
BRH:1
end_of_record
TN:
SF:/home/masterd/lighthouse/lighthouse/bootcamp/breakout lecture/lectures/w8d1/demo/react-albums/src/components/Filters.js
FN:3,Filters
FN:9,(anonymous_1)
FN:17,(anonymous_2)
FNF:3
FNH:2
FNDA:5,Filters
FNDA:25,(anonymous_1)
FNDA:0,(anonymous_2)
DA:9,5
DA:10,25
DA:17,0
DA:25,5
LF:4
LH:3
BRDA:3,0,0,0
BRF:1
BRH:0
end_of_record
TN:
SF:/home/masterd/lighthouse/lighthouse/bootcamp/breakout lecture/lectures/w8d1/demo/react-albums/src/components/LiveSearch.js
FN:12,LiveSearch
FN:31,showError
FN:41,(anonymous_2)
FN:44,(anonymous_3)
FN:55,(anonymous_4)
FN:56,(anonymous_5)
FN:63,(anonymous_6)
FN:69,(anonymous_7)
FN:81,(anonymous_8)
FN:83,(anonymous_9)
FN:88,(anonymous_10)
FNF:11
FNH:6
FNDA:5,LiveSearch
FNDA:0,showError
FNDA:3,(anonymous_2)
FNDA:1,(anonymous_3)
FNDA:1,(anonymous_4)
FNDA:0,(anonymous_5)
FNDA:1,(anonymous_6)
FNDA:0,(anonymous_7)
FNDA:1,(anonymous_8)
FNDA:0,(anonymous_9)
FNDA:0,(anonymous_10)
DA:13,5
DA:19,5
DA:27,5
DA:29,5
DA:32,0
DA:38,0
DA:41,5
DA:42,3
DA:44,1
DA:49,1
DA:51,1
DA:56,1
DA:57,0
DA:63,1
DA:70,0
DA:73,5
DA:81,1
DA:83,0
DA:89,0
LF:19
LH:13
BRDA:42,0,0,2
BRDA:42,0,1,1
BRDA:42,1,0,3
BRDA:42,1,1,3
BRF:4
BRH:4
end_of_record
TN:
SF:/home/masterd/lighthouse/lighthouse/bootcamp/breakout lecture/lectures/w8d1/demo/react-albums/src/components/Loading.js
FN:3,Loading
FNF:1
FNH:1
FNDA:6,Loading
DA:4,6
LF:1
LH:1
BRDA:6,0,0,6
BRDA:6,0,1,1
BRF:2
BRH:2
end_of_record
TN:
SF:/home/masterd/lighthouse/lighthouse/bootcamp/breakout lecture/lectures/w8d1/demo/react-albums/src/components/Results.js
FN:6,Results
FN:10,(anonymous_1)
FN:53,(anonymous_2)
FNF:3
FNH:3
FNDA:5,Results
FNDA:1,(anonymous_1)
FNDA:1,(anonymous_2)
DA:7,5
DA:9,5
DA:11,1
DA:15,0
DA:18,1
DA:22,0
DA:25,1
DA:29,0
DA:32,1
DA:36,0
DA:39,1
DA:44,0
DA:47,1
DA:48,0
DA:51,1
DA:54,1
LF:16
LH:10
BRDA:11,0,0,0
BRDA:11,0,1,1
BRDA:12,1,0,1
BRDA:12,1,1,0
BRDA:18,2,0,0
BRDA:18,2,1,1
BRDA:19,3,0,1
BRDA:19,3,1,0
BRDA:25,4,0,0
BRDA:25,4,1,1
BRDA:26,5,0,1
BRDA:26,5,1,0
BRDA:32,6,0,0
BRDA:32,6,1,1
BRDA:33,7,0,1
BRDA:33,7,1,1
BRDA:33,7,2,1
BRDA:39,8,0,0
BRDA:39,8,1,1
BRDA:40,9,0,1
BRDA:40,9,1,1
BRDA:40,9,2,1
BRDA:40,9,3,1
BRDA:47,10,0,0
BRDA:47,10,1,1
BRDA:47,11,0,1
BRDA:47,11,1,1
BRF:27
BRH:18
end_of_record
TN:
SF:/home/masterd/lighthouse/lighthouse/bootcamp/breakout lecture/lectures/w8d1/demo/react-albums/src/components/SearchBar.js
FN:7,SearchBar
FN:10,(anonymous_1)
FN:14,(anonymous_2)
FN:22,(anonymous_3)
FNF:4
FNH:3
FNDA:6,SearchBar
FNDA:1,(anonymous_1)
FNDA:0,(anonymous_2)
FNDA:1,(anonymous_3)
DA:8,6
DA:10,6
DA:12,6
DA:14,0
DA:22,1
LF:5
LH:4
BRF:0
BRH:0
end_of_record
TN:
SF:/home/masterd/lighthouse/lighthouse/bootcamp/breakout lecture/lectures/w8d1/demo/react-albums/src/hooks/useDebounce.js
FN:3,useDebounce
FN:4,(anonymous_1)
FN:6,(anonymous_2)
FNF:3
FNH:3
FNDA:6,useDebounce
FNDA:6,(anonymous_1)
FNDA:6,(anonymous_2)
DA:4,6
DA:5,6
DA:6,6
LF:3
LH:3
BRF:0
BRH:0
end_of_record
